<?xml version="1.0" encoding="UTF-8"?>
<testsuite xmlns:xsi="http://www.w3.org/2001/XMLSchema-instance" xsi:noNamespaceSchemaLocation="https://maven.apache.org/surefire/maven-surefire-plugin/xsd/surefire-test-report.xsd" name="com.example.AppTest" time="0.037" tests="4" errors="0" skipped="0" failures="0">
  <properties>
    <property name="sun.desktop" value="windows"/>
    <property name="awt.toolkit" value="sun.awt.windows.WToolkit"/>
    <property name="java.specification.version" value="11"/>
    <property name="sun.cpu.isalist" value="amd64"/>
    <property name="sun.jnu.encoding" value="Cp1252"/>
    <property name="java.class.path" value="D:\DevWorkspace\demo\target\test-classes;D:\DevWorkspace\demo\target\classes;C:\Users\abdul.awal\.m2\repository\junit\junit\4.11\junit-4.11.jar;C:\Users\abdul.awal\.m2\repository\org\hamcrest\hamcrest-core\1.3\hamcrest-core-1.3.jar;"/>
    <property name="java.vm.vendor" value="Oracle Corporation"/>
    <property name="sun.arch.data.model" value="64"/>
    <property name="user.variant" value=""/>
    <property name="java.vendor.url" value="https://openjdk.java.net/"/>
    <property name="user.timezone" value="Asia/Dhaka"/>
    <property name="java.vm.specification.version" value="11"/>
    <property name="os.name" value="Windows 10"/>
    <property name="sun.java.launcher" value="SUN_STANDARD"/>
    <property name="user.country" value="US"/>
    <property name="sun.boot.library.path" value="C:\Program Files\Java\jdk-11.0.12\bin"/>
    <property name="sun.java.command" value="C:\Users\ABDUL~1.AWA\AppData\Local\Temp\surefire9969644160164536513\surefirebooter3949138226787382296.jar C:\Users\abdul.awal\AppData\Local\Temp\surefire9969644160164536513 2022-04-21T01-14-25_886-jvmRun1 surefire9247650018863037594tmp surefire_07274206608827720858tmp"/>
    <property name="jdk.debug" value="release"/>
    <property name="surefire.test.class.path" value="D:\DevWorkspace\demo\target\test-classes;D:\DevWorkspace\demo\target\classes;C:\Users\abdul.awal\.m2\repository\junit\junit\4.11\junit-4.11.jar;C:\Users\abdul.awal\.m2\repository\org\hamcrest\hamcrest-core\1.3\hamcrest-core-1.3.jar;"/>
    <property name="sun.cpu.endian" value="little"/>
    <property name="user.home" value="C:\Users\abdul.awal"/>
    <property name="user.language" value="en"/>
    <property name="java.specification.vendor" value="Oracle Corporation"/>
    <property name="java.version.date" value="2021-07-20"/>
    <property name="java.home" value="C:\Program Files\Java\jdk-11.0.12"/>
    <property name="file.separator" value="\"/>
    <property name="basedir" value="D:\DevWorkspace\demo"/>
    <property name="java.vm.compressedOopsMode" value="Zero based"/>
    <property name="line.separator" value="&#10;"/>
    <property name="java.specification.name" value="Java Platform API Specification"/>
    <property name="java.vm.specification.vendor" value="Oracle Corporation"/>
    <property name="java.awt.graphicsenv" value="sun.awt.Win32GraphicsEnvironment"/>
    <property name="surefire.real.class.path" value="C:\Users\ABDUL~1.AWA\AppData\Local\Temp\surefire9969644160164536513\surefirebooter3949138226787382296.jar"/>
    <property name="user.script" value=""/>
    <property name="sun.management.compiler" value="HotSpot 64-Bit Tiered Compilers"/>
    <property name="java.runtime.version" value="11.0.12+8-LTS-237"/>
    <property name="user.name" value="abdul.awal"/>
    <property name="path.separator" value=";"/>
    <property name="os.version" value="10.0"/>
    <property name="java.runtime.name" value="Java(TM) SE Runtime Environment"/>
    <property name="file.encoding" value="Cp1252"/>
    <property name="java.vm.name" value="Java HotSpot(TM) 64-Bit Server VM"/>
    <property name="java.vendor.version" value="18.9"/>
    <property name="localRepository" value="C:\Users\abdul.awal\.m2\repository"/>
    <property name="java.vendor.url.bug" value="https://bugreport.java.com/bugreport/"/>
    <property name="java.io.tmpdir" value="C:\Users\ABDUL~1.AWA\AppData\Local\Temp\"/>
    <property name="java.version" value="11.0.12"/>
    <property name="user.dir" value="D:\DevWorkspace\demo"/>
    <property name="os.arch" value="amd64"/>
    <property name="java.vm.specification.name" value="Java Virtual Machine Specification"/>
    <property name="java.awt.printerjob" value="sun.awt.windows.WPrinterJob"/>
    <property name="sun.os.patch.level" value=""/>
    <property name="java.library.path" value="C:\Program Files\Java\jdk-11.0.12\bin;C:\WINDOWS\Sun\Java\bin;C:\WINDOWS\system32;C:\WINDOWS;C:\Users\abdul.awal\bin;C:\Program Files\Git\mingw64\bin;C:\Program Files\Git\usr\local\bin;C:\Program Files\Git\usr\bin;C:\Program Files\Git\usr\bin;C:\Program Files\Git\mingw64\bin;C:\Program Files\Git\usr\bin;C:\Users\abdul.awal\bin;C:\Program Files (x86)\ActiveState Komodo IDE 12;C:\Users\abdul.awal\AppData\Local\Programs\Appium;D:\Softwarez\Android_SDK\tools;D:\Softwarez\Android_SDK\platform-tools;C:\Program Files\Java\jdk-11.0.12\bin;C:\Users\abdul.awal\AppData\Local\Programs\Microsoft VS Code\bin;C:\Users\abdul.awal\AppData\Roaming\npm;C:\Users\abdul.awal\Downloads\nvm-noinstall;C:\Users\abdul.awal\AppData\Roaming\nvm;C:\Program Files\nodejs;C:\Program Files (x86)\Gow\bin;C:\WINDOWS\System32\Wbem;C:\Windows\System32;C:\Program Files\Nodejs;C:\Program Files (x86)\IncrediBuild;C:\Program Files\Git\cmd;C:\WINDOWS\System32\WindowsPowerShell\v1.0;D:\Softwarez\apache-maven-3.8.1\bin;C:\Python27;D:\Softwarez\apache-jmeter-5.4.1\bin;C:\Users\abdul.awal\AppData\Roaming\Microsoft\Windows\Start Menu\Programs\Python 3.10;C:\Program Files\Docker\Docker\resources\bin;C:\ProgramData\DockerDesktop\version-bin;C:\Program Files\Kubernetes\Minikube;C:\minikube;C:\Users\abdul.awal\AppData\Local\activestate\cache\bin;C:\Users\abdul.awal\AppData\Local\ActiveState\StateTool\release;C:\Users\abdul.awal\AppData\Local\Programs\Python\Python310\Scripts;C:\Users\abdul.awal\AppData\Local\Programs\Python\Python310;C:\Users\abdul.awal\AppData\Local\Programs\Python\Python39\Scripts;C:\Users\abdul.awal\AppData\Local\Programs\Python\Python3900;C:\Program Files\Java\jdk-16.0.2\bin;C:\Users\abdul.awal\AppData\Local\Programs\Microsoft VS Code\bin;C:\Users\abdul.awal\AppData\Roaming\npm;C:\Users\abdul.awal\AppData\Roaming\nvm;C:\Program Files\nodejs;C:\Users\abdul.awal\AppData\Local\GitHubDesktop\bin;C:\Users\abdul.awal\AppData\Local\MaxTo;C:\Program Files (x86)\Nmap;C:\Program Files\JetBrains\WebStorm 2021.3.2\bin;C:\Users\abdul.awal\AppData\Local\atom\bin;C:\Program Files\Git\usr\bin\vendor_perl;C:\Program Files\Git\usr\bin\core_perl;."/>
    <property name="java.vendor" value="Oracle Corporation"/>
    <property name="java.vm.info" value="mixed mode"/>
    <property name="java.vm.version" value="11.0.12+8-LTS-237"/>
    <property name="sun.io.unicode.encoding" value="UnicodeLittle"/>
    <property name="java.class.version" value="55.0"/>
  </properties>
  <testcase name="test_add" classname="com.example.AppTest" time="0.002"/>
  <testcase name="test_divide" classname="com.example.AppTest" time="0"/>
  <testcase name="test_multiply" classname="com.example.AppTest" time="0.001"/>
  <testcase name="test_subtract" classname="com.example.AppTest" time="0"/>
</testsuite>